GET /api/tasks/ 200 0.024s
POST /api/tasks/ 201 0.006s
POST /api/tasks/ 201 0.001s
GET /api/tasks/ 200 0.024s
POST /api/tasks/ 201 0.006s
POST /api/tasks/ 201 0.001s
GET / 404 0.024s
GET /admin/ 200 0.113s
GET /admin/tasks/task/ 200 0.162s
GET /admin/jsi18n/ 200 0.036s
GET /admin/tasks/task/ 200 0.069s
GET /admin/jsi18n/ 200 0.004s
GET /admin/ 200 0.040s
GET /admin/tasks/task/ 200 0.032s
GET /admin/jsi18n/ 200 0.006s
POST /admin/tasks/task/ 200 0.041s
POST /admin/tasks/task/ 302 0.022s
GET /admin/tasks/task/ 200 0.017s
GET /admin/jsi18n/ 200 0.004s
GET / 404 0.013s
GET /favicon.ico 404 0.005s
GET /admin/ 200 0.110s
GET /admin/tasks/task/ 200 0.058s
GET /admin/jsi18n/ 200 0.011s
GET /admin/ 200 0.011s
GET /admin/tasks/task/ 200 0.157s
GET /admin/jsi18n/ 200 0.007s
GET /admin/ 200 0.020s
GET /admin/tasks/task/add/ 200 0.188s
GET /admin/jsi18n/ 200 0.011s
GET /admin/tasks/task/ 200 0.022s
GET /admin/jsi18n/ 200 0.007s
GET /admin/ 200 0.022s
GET /admin/tasks/task/ 200 0.031s
GET /admin/jsi18n/ 200 0.007s
GET /admin/ 200 0.016s
GET /admin/tasks/task/ 200 0.023s
GET /admin/jsi18n/ 200 0.007s
GET /admin/tasks/task/add/ 200 0.025s
GET /admin/jsi18n/ 200 0.006s
GET /admin/tasks/task/ 200 0.021s
GET /admin/jsi18n/ 200 0.006s
GET /admin/tasks/task/ 200 0.024s
GET /admin/jsi18n/ 200 0.005s
GET /admin/tasks/task/ 200 0.101s
GET /admin/jsi18n/ 200 0.007s
GET /admin/ 200 0.017s
GET /admin/ 200 0.021s
GET /api 404 0.005s
GET /api/ 200 0.105s
GET /api/tasks/ 200 0.177s
GET /api/tasks/ 200 0.036s
GET /admin/ 200 0.015s
GET /admin/ 200 0.075s
GET /admin/tasks/ 500 0.186s
GET /admin/ 200 0.012s
GET /admin/tasks/task/ 200 0.047s
GET /admin/jsi18n/ 200 0.006s
GET /admin/ 200 0.012s
GET /admin/auth/ 500 0.055s
GET /admin/ 200 0.013s
GET /admin/ 200 0.056s
GET /api/tasks/ 200 0.037s
GET /admin/ 200 0.009s
GET /admin/ 200 0.044s
GET /admin/ 200 0.007s
GET /admin/ 200 0.039s
GET /admin/ 200 0.008s
GET /admin/ 200 0.039s
GET /admin/ 200 0.041s
GET /admin/ 200 0.039s
GET /admin/ 200 0.041s
GET /admin/tasks/modifier/ 200 0.023s
GET /admin/jsi18n/ 200 0.007s
GET /admin/tasks/task/ 200 0.022s
GET /admin/jsi18n/ 200 0.004s
GET /admin/tasks/modifier/ 200 0.009s
GET /admin/jsi18n/ 200 0.005s
GET /admin/tasks/modifier/ 200 0.011s
GET /admin/jsi18n/ 200 0.005s
GET /admin/tasks/task/ 200 0.014s
GET /admin/jsi18n/ 200 0.005s
GET /admin/tasks/modifier/ 200 0.010s
GET /admin/jsi18n/ 200 0.004s
GET /admin/tasks/task/ 200 0.013s
GET /admin/jsi18n/ 200 0.005s
GET /admin/tasks/modifier/ 200 0.009s
GET /admin/jsi18n/ 200 0.004s
GET /admin/tasks/modifier/add/ 200 0.023s
GET /admin/jsi18n/ 200 0.005s
POST /admin/tasks/modifier/add/ 302 0.018s
GET /admin/tasks/modifier/ 200 0.015s
GET /admin/jsi18n/ 200 0.003s
GET /admin/tasks/task/ 200 0.014s
GET /admin/jsi18n/ 200 0.004s
GET /admin/tasks/modifier/ 200 0.012s
GET /admin/jsi18n/ 200 0.004s
GET /admin/tasks/task/ 200 0.014s
GET /admin/jsi18n/ 200 0.005s
GET /admin/tasks/modifier/ 200 0.014s
GET /admin/jsi18n/ 200 0.005s
GET /admin/tasks/modifier/add/ 200 0.014s
GET /admin/jsi18n/ 200 0.005s
POST /admin/tasks/modifier/add/ 302 0.014s
GET /admin/tasks/modifier/ 200 0.016s
GET /admin/jsi18n/ 200 0.003s
GET /admin/tasks/task/ 200 0.013s
GET /admin/jsi18n/ 200 0.004s
GET /admin/tasks/modifier/ 200 0.015s
GET /admin/jsi18n/ 200 0.004s
GET /admin/tasks/modifier/2/change/ 200 0.029s
GET /admin/jsi18n/ 200 0.004s
GET /admin/tasks/modifier/2/change/ 404 0.016s
GET /admin/ 200 0.039s
GET /admin/tasks/change/ 200 0.023s
GET /admin/jsi18n/ 200 0.006s
GET /admin/tasks/ 200 0.021s
GET /admin/ 200 0.008s
GET /admin/tasks/task/ 200 0.021s
GET /admin/jsi18n/ 200 0.005s
GET /admin/tasks/task/11/change/ 200 0.023s
GET /admin/jsi18n/ 200 0.005s
GET /admin/tasks/task/ 200 0.019s
GET /admin/jsi18n/ 200 0.007s
GET /admin/tasks/task/12/change/ 200 0.024s
GET /admin/jsi18n/ 200 0.005s
POST /admin/tasks/task/12/change/ 200 0.016s
GET /admin/jsi18n/ 200 0.006s
POST /admin/tasks/task/12/change/ 302 0.013s
GET /admin/tasks/task/ 200 0.013s
GET /admin/jsi18n/ 200 0.005s
GET /admin/tasks/task/10/change/ 200 0.015s
GET /admin/jsi18n/ 200 0.004s
POST /admin/tasks/task/10/change/ 302 0.012s
GET /admin/tasks/task/ 200 0.018s
GET /admin/jsi18n/ 200 0.004s
GET /admin/tasks/task/10/change/ 200 0.011s
GET /admin/jsi18n/ 200 0.004s
GET /admin/tasks/task/ 200 0.017s
GET /admin/jsi18n/ 200 0.005s
GET /admin/tasks/change/ 200 0.010s
GET /admin/jsi18n/ 200 0.004s
GET /admin/tasks/change/ 404 0.017s
GET /admin/tasks/besoin 301 0.003s
GET /admin/tasks/besoin/ 500 0.247s
GET /admin/tasks/ 200 0.022s
GET /admin/tasks/besoin/ 500 0.051s
GET /admin/tasks/ 200 0.005s
GET /admin/tasks/besoin/add/ 200 0.040s
GET /admin/jsi18n/ 200 0.007s
GET /admin/tasks/ 200 0.005s
GET /admin/tasks/besoin/add/ 200 0.013s
GET /admin/jsi18n/ 200 0.004s
GET / 404 0.074s
GET / 404 0.006s
GET /favicon.ico 404 0.006s
GET /admin/ 302 0.018s
GET /admin/login/ 200 0.285s
POST /admin/login/ 302 0.711s
GET /admin/ 200 0.073s
GET /api/tasks/1/ 200 0.032s
GET /api/tasks/5/ 404 0.005s
GET / 404 0.079s
GET /swagger/ 500 0.275s
GET /redoc/ 500 0.069s
GET /redoc/ 500 0.092s
GET /redoc/ 404 0.014s
GET /api/redoc/ 200 0.124s
GET /api/schema/ 500 0.232s
GET /api/swagger/ 200 0.104s
GET /api/schema/ 500 0.063s
GET /api/schema/ 500 0.055s
GET /api/swagger/ 200 0.031s
GET /api/schema/ 500 0.106s
GET /api/schema/ 500 0.051s
GET /api/schema/ 500 0.074s
GET /api/schema/ 500 0.121s
GET /api/schema/ 500 0.114s
GET /api/redoc/ 200 0.027s
GET /api/schema/ 500 0.076s
GET /api/redoc/ 200 0.025s
GET /api/schema/ 500 0.116s
GET /api/redoc/ 200 0.023s
GET /api/schema/ 500 0.132s
GET /api/schema/ 500 0.094s
GET /api/schema/ 500 0.108s
GET /api/ 200 0.153s
GET /api/schema 404 0.009s
GET /api/schema/ 500 0.127s
GET /api/schema/ 500 0.102s
GET /api/schema/ 200 0.060s
GET /api/swagger/ 404 0.015s
GET /api/redoc/ 404 0.010s
GET / 404 0.029s
GET /favicon.ico 404 0.003s
GET /admin/ 200 0.118s
GET /yanis/ 404 0.004s
GET /api/yanis/ 404 0.003s
GET / 404 0.084s
GET /favicon.ico 404 0.007s
GET /api/project/ 404 0.013s
POST /api/projects/ 404 0.004s
POST /api/tasks/ 500 0.186s
GET /api/project/ 404 0.003s
GET /api/tasks 404 0.004s
GET /api/tasks/ 500 0.167s
GET /api/tasks/kanban 404 0.004s
GET /api/tasks/kanban/ 500 0.036s
POST /api/projects/ 400 0.003s
POST /api/projects/ 400 0.002s
POST /api/projects/ 500 0.231s
GET / 404 0.009s
GET /api/admin 404 0.003s
GET /api/admin/ 404 0.004s
GET /admin/ 302 0.008s
GET /admin/login/ 200 0.139s
GET / 404 0.003s
GET /api/projects/ 500 0.088s
GET /api/projects/ 500 0.058s
GET /api/tasks/ 500 0.043s
GET /api/tasks/1 404 0.004s
GET /api/tasks/1/ 500 0.059s
POST /api/projects/ 201 0.009s
GET /api/projects/ 200 0.005s
POST /api/projects/ 400 0.002s
POST /api/projects/ 400 0.001s
POST /api/projects/ 400 0.000s
POST /api/projects/ 400 0.001s
POST /api/tasks/ 500 0.035s
GET /api/projecs/ 404 0.023s
GET /api/projects/ 200 0.029s
GET /api/tasks/ 500 0.108s
GET / 404 0.053s
GET /favicon.ico 404 0.005s
GET /redoc/ 200 0.077s
GET /redoc/ 500 0.442s
GET /swagger/ 200 0.043s
GET /swagger/ 500 0.085s
GET /swagger/ 200 0.019s
GET /swagger/ 500 0.120s
GET /swagger/ 200 0.021s
GET /swagger/ 500 0.107s
GET /swagger/ 500 0.072s
GET / 404 0.006s
GET /redoc/ 200 0.022s
GET /redoc/ 500 0.121s
GET /redoc/ 200 0.020s
GET /redoc/ 500 0.118s
GET /redoc/ 200 0.002s
GET /redoc/ 500 0.086s
GET /redoc/ 200 0.021s
GET /redoc/ 500 0.120s
GET /swagger/ 200 0.005s
GET /swagger/ 500 0.076s
GET /redoc/ 200 0.024s
GET /redoc/ 500 0.110s
GET /swagger/ 200 0.023s
GET /swagger/ 500 0.115s
GET /swagger/ 500 0.072s
GET /api/tasks/ 500 0.101s
GET /swagger/ 200 0.024s
GET /swagger/ 500 0.129s
GET /swagger/ 200 0.021s
GET /swagger/ 500 0.120s
GET /swagger/ 200 0.018s
GET /swagger/ 500 0.105s
GET /swagger/ 200 0.034s
GET /swagger/ 500 0.213s
GET /redoc/ 200 0.008s
GET /redoc/ 500 0.094s
GET /redoc/ 500 0.228s
GET /favicon.ico 404 0.037s
GET /swagger/ 500 0.051s
GET /swagger/ 200 0.030s
GET /swagger/ 500 0.137s
GET /swagger.json 500 0.113s
GET /swagger/ 200 0.024s
GET /swagger/ 200 0.072s
GET /redoc/ 200 0.013s
GET /redoc/ 200 0.036s
GET / 404 0.058s
GET /api/tasks/ 200 0.468s
GET /redoc/ 200 0.039s
GET /redoc/ 200 0.027s
GET / 404 0.067s
GET /swagger/ 200 0.085s
GET /swagger/ 200 0.031s
GET /swagger/ 200 0.020s
GET /swagger/ 200 0.031s
GET /swagger/ 200 0.020s
GET /swagger/ 200 0.031s
GET /swagger/ 200 0.018s
GET /swagger/ 200 0.031s
GET / 404 0.007s
GET /swagger/ 200 0.002s
GET /swagger/ 200 0.032s
GET /swagger/ 200 0.020s
GET /swagger/ 200 0.029s
GET /redoc/ 200 0.051s
GET /redoc/ 200 0.025s
GET /redoc/ 200 0.018s
GET /redoc/ 200 0.035s
GET /redoc/ 200 0.021s
GET /redoc/ 200 0.037s
GET /schema.json 404 0.014s
GET /swagger.json 404 0.005s
GET /swagger.json/ 200 0.028s
GET /redoc.json/ 404 0.004s
GET /swagger.yaml 404 0.005s
GET /swagger.yaml/ 200 0.032s
GET /swagger.yaml/ 200 0.035s
GET /swagger.json/ 200 0.027s
GET / 404 0.013s
GET /projects/ 404 0.006s
GET /api/projects/ 200 0.334s
GET /api/projects/children 404 0.006s
GET /api/projects/children/ 404 0.012s
GET /api/kanban/ 404 0.007s
GET /kanban/ 404 0.006s
GET /api/taskskanban/ 404 0.007s
GET /api/tasks/kanban/ 200 0.068s
GET /api/tasks/gantt/ 200 0.008s
POST /api/tasks/ 400 0.004s
POST /api/tasks/ 400 0.003s
POST /api/projects/ 400 0.003s
POST /api/projects/ 201 0.051s
GET /redoc/ 200 0.039s
GET /redoc/ 200 0.038s
GET /api/projects/ 200 0.096s
POST /api/tasks/ 400 0.003s
POST /api/tasks/ 201 0.087s
GET /api/projects/1/ 200 0.023s
GET /api/projects/1/children 404 0.017s
GET /api/tasks/1/children/ 200 0.004s
GET /api/tasks/0/children/ 200 0.003s
GET /api/tasks/2/children/ 200 0.003s
GET /api/tasks/1/children/ 200 0.098s
POST /api/tasks/ 400 0.005s
POST /api/tasks/ 400 0.002s
POST /api/tasks/ 400 0.004s
GET /api/projects/1/children/ 404 0.023s
GET /api/projects/1/ 200 0.006s
DELETE /api/projects/1/ 204 0.046s
DELETE /api/projects/2/ 204 0.047s
DELETE /api/projects/ 405 0.001s
GET /api/projects/ 200 0.008s
POST /api/projects/ 400 0.002s
POST /api/projects/ 400 0.001s
POST /api/projects/ 201 0.016s
POST /api/tasks/ 400 0.010s
POST /api/tasks/ 201 0.050s
GET /api/projects/ 200 0.104s
GET /api/tasks/ 200 0.116s
GET /api/tasks/3/children 404 0.014s
GET /api/tasks/3/children/ 200 0.018s
POST /api/tasks/ 201 0.055s
GET /api/tasks/3/children/ 200 0.032s
GET /api/tasks/kanban/ 200 0.033s
POST /api/tasks/15/upload/ 201 0.022s
GET /api/tasks/3/children/ 200 0.020s
GET / 404 0.026s
GET /favicon.ico 404 0.003s
GET /api/tasks/ 200 0.277s
GET /api/tasks/ 200 0.018s
GET /api/tasks/ 200 0.017s
